[0.340s] Invoking command in '/home/rayan/Desktop/test/ros2_ws/src/gazebo_hello': PYTHONPATH=/home/rayan/Desktop/test/ros2_ws/build/gazebo_hello/prefix_override:/usr/lib/python3/dist-packages/colcon_core/task/python/colcon_distutils_commands:/home/rayan/Desktop/test/ros2_ws/install/gazebo_hello/lib/python3.10/site-packages:${PYTHONPATH} /usr/bin/python3 -W ignore:setup.py install is deprecated -W ignore:easy_install command is deprecated setup.py egg_info --egg-base ../../build/gazebo_hello build --build-base /home/rayan/Desktop/test/ros2_ws/build/gazebo_hello/build install --record /home/rayan/Desktop/test/ros2_ws/build/gazebo_hello/install.log --single-version-externally-managed install_data
[0.479s] running egg_info
[0.479s] writing ../../build/gazebo_hello/gazebo_hello.egg-info/PKG-INFO
[0.480s] writing dependency_links to ../../build/gazebo_hello/gazebo_hello.egg-info/dependency_links.txt
[0.480s] writing entry points to ../../build/gazebo_hello/gazebo_hello.egg-info/entry_points.txt
[0.480s] writing requirements to ../../build/gazebo_hello/gazebo_hello.egg-info/requires.txt
[0.480s] writing top-level names to ../../build/gazebo_hello/gazebo_hello.egg-info/top_level.txt
[0.481s] reading manifest file '../../build/gazebo_hello/gazebo_hello.egg-info/SOURCES.txt'
[0.482s] reading manifest template 'MANIFEST.in'
[0.483s] writing manifest file '../../build/gazebo_hello/gazebo_hello.egg-info/SOURCES.txt'
[0.483s] running build
[0.483s] running build_py
[0.483s] running install
[0.483s] running install_lib
[0.484s] running install_data
[0.484s] copying launch/pan_tilt_motion.launch.py -> /home/rayan/Desktop/test/ros2_ws/install/gazebo_hello/share/gazebo_hello/launch
[0.484s] copying urdf/pan_tilt.urdf -> /home/rayan/Desktop/test/ros2_ws/install/gazebo_hello/share/gazebo_hello/urdf
[0.484s] copying config/pan_tilt_controllers.yaml -> /home/rayan/Desktop/test/ros2_ws/install/gazebo_hello/share/gazebo_hello/config
[0.484s] running install_egg_info
[0.485s] removing '/home/rayan/Desktop/test/ros2_ws/install/gazebo_hello/lib/python3.10/site-packages/gazebo_hello-0.0.0-py3.10.egg-info' (and everything under it)
[0.487s] Copying ../../build/gazebo_hello/gazebo_hello.egg-info to /home/rayan/Desktop/test/ros2_ws/install/gazebo_hello/lib/python3.10/site-packages/gazebo_hello-0.0.0-py3.10.egg-info
[0.487s] running install_scripts
[0.497s] Installing pan_tilt_motion script to /home/rayan/Desktop/test/ros2_ws/install/gazebo_hello/lib/gazebo_hello
[0.497s] writing list of installed files to '/home/rayan/Desktop/test/ros2_ws/build/gazebo_hello/install.log'
[0.512s] Invoked command in '/home/rayan/Desktop/test/ros2_ws/src/gazebo_hello' returned '0': PYTHONPATH=/home/rayan/Desktop/test/ros2_ws/build/gazebo_hello/prefix_override:/usr/lib/python3/dist-packages/colcon_core/task/python/colcon_distutils_commands:/home/rayan/Desktop/test/ros2_ws/install/gazebo_hello/lib/python3.10/site-packages:${PYTHONPATH} /usr/bin/python3 -W ignore:setup.py install is deprecated -W ignore:easy_install command is deprecated setup.py egg_info --egg-base ../../build/gazebo_hello build --build-base /home/rayan/Desktop/test/ros2_ws/build/gazebo_hello/build install --record /home/rayan/Desktop/test/ros2_ws/build/gazebo_hello/install.log --single-version-externally-managed install_data
