running egg_info
writing ../../build/gazebo_hello/gazebo_hello.egg-info/PKG-INFO
writing dependency_links to ../../build/gazebo_hello/gazebo_hello.egg-info/dependency_links.txt
writing entry points to ../../build/gazebo_hello/gazebo_hello.egg-info/entry_points.txt
writing requirements to ../../build/gazebo_hello/gazebo_hello.egg-info/requires.txt
writing top-level names to ../../build/gazebo_hello/gazebo_hello.egg-info/top_level.txt
reading manifest file '../../build/gazebo_hello/gazebo_hello.egg-info/SOURCES.txt'
reading manifest template 'MANIFEST.in'
writing manifest file '../../build/gazebo_hello/gazebo_hello.egg-info/SOURCES.txt'
running build
running build_py
running install
running install_lib
running install_data
copying urdf/example_include.xacro -> /home/rayan/Desktop/test/ros2_ws/install/gazebo_hello/share/gazebo_hello/urdf
copying urdf/pan_tilt.urdf.xacro -> /home/rayan/Desktop/test/ros2_ws/install/gazebo_hello/share/gazebo_hello/urdf
copying urdf/example_gazebo.xacro -> /home/rayan/Desktop/test/ros2_ws/install/gazebo_hello/share/gazebo_hello/urdf
running install_egg_info
removing '/home/rayan/Desktop/test/ros2_ws/install/gazebo_hello/lib/python3.10/site-packages/gazebo_hello-0.0.0-py3.10.egg-info' (and everything under it)
Copying ../../build/gazebo_hello/gazebo_hello.egg-info to /home/rayan/Desktop/test/ros2_ws/install/gazebo_hello/lib/python3.10/site-packages/gazebo_hello-0.0.0-py3.10.egg-info
running install_scripts
Installing pan_tilt_motion script to /home/rayan/Desktop/test/ros2_ws/install/gazebo_hello/lib/gazebo_hello
writing list of installed files to '/home/rayan/Desktop/test/ros2_ws/build/gazebo_hello/install.log'
