/home/rayan/Desktop/test/ros2_ws/install/gazebo_hello/lib/python3.10/site-packages/gazebo_hello/pan_tilt_motion.py
/home/rayan/Desktop/test/ros2_ws/install/gazebo_hello/lib/python3.10/site-packages/gazebo_hello/__init__.py
/home/rayan/Desktop/test/ros2_ws/install/gazebo_hello/lib/python3.10/site-packages/gazebo_hello/__pycache__/pan_tilt_motion.cpython-310.pyc
/home/rayan/Desktop/test/ros2_ws/install/gazebo_hello/lib/python3.10/site-packages/gazebo_hello/__pycache__/__init__.cpython-310.pyc
/home/rayan/Desktop/test/ros2_ws/install/gazebo_hello/share/ament_index/resource_index/packages/gazebo_hello
/home/rayan/Desktop/test/ros2_ws/install/gazebo_hello/share/gazebo_hello/package.xml
/home/rayan/Desktop/test/ros2_ws/install/gazebo_hello/share/gazebo_hello/launch/pan_tilt_motion.launch.py
/home/rayan/Desktop/test/ros2_ws/install/gazebo_hello/share/gazebo_hello/launch/pan_tilt.launch.py
/home/rayan/Desktop/test/ros2_ws/install/gazebo_hello/share/gazebo_hello/worlds/hello.world
/home/rayan/Desktop/test/ros2_ws/install/gazebo_hello/share/gazebo_hello/urdf
/home/rayan/Desktop/test/ros2_ws/install/gazebo_hello/share/gazebo_hello/urdf/example_include.xacro
/home/rayan/Desktop/test/ros2_ws/install/gazebo_hello/share/gazebo_hello/urdf/pan_tilt.urdf.xacro
/home/rayan/Desktop/test/ros2_ws/install/gazebo_hello/share/gazebo_hello/urdf/example_gazebo.xacro
/home/rayan/Desktop/test/ros2_ws/install/gazebo_hello/share/gazebo_hello/config/pan_tilt_controllers.yaml
/home/rayan/Desktop/test/ros2_ws/install/gazebo_hello/lib/python3.10/site-packages/gazebo_hello-0.0.0-py3.10.egg-info/requires.txt
/home/rayan/Desktop/test/ros2_ws/install/gazebo_hello/lib/python3.10/site-packages/gazebo_hello-0.0.0-py3.10.egg-info/SOURCES.txt
/home/rayan/Desktop/test/ros2_ws/install/gazebo_hello/lib/python3.10/site-packages/gazebo_hello-0.0.0-py3.10.egg-info/dependency_links.txt
/home/rayan/Desktop/test/ros2_ws/install/gazebo_hello/lib/python3.10/site-packages/gazebo_hello-0.0.0-py3.10.egg-info/entry_points.txt
/home/rayan/Desktop/test/ros2_ws/install/gazebo_hello/lib/python3.10/site-packages/gazebo_hello-0.0.0-py3.10.egg-info/zip-safe
/home/rayan/Desktop/test/ros2_ws/install/gazebo_hello/lib/python3.10/site-packages/gazebo_hello-0.0.0-py3.10.egg-info/PKG-INFO
/home/rayan/Desktop/test/ros2_ws/install/gazebo_hello/lib/python3.10/site-packages/gazebo_hello-0.0.0-py3.10.egg-info/top_level.txt
/home/rayan/Desktop/test/ros2_ws/install/gazebo_hello/lib/gazebo_hello/pan_tilt_motion
