[0.355s] Invoking command in '/home/rayan/Desktop/test/ros2_ws/src/gazebo_hello': PYTHONPATH=/home/rayan/Desktop/test/ros2_ws/build/gazebo_hello/prefix_override:/usr/lib/python3/dist-packages/colcon_core/task/python/colcon_distutils_commands:/home/rayan/Desktop/test/ros2_ws/install/gazebo_hello/lib/python3.10/site-packages:${PYTHONPATH} /usr/bin/python3 -W ignore:setup.py install is deprecated -W ignore:easy_install command is deprecated setup.py egg_info --egg-base ../../build/gazebo_hello build --build-base /home/rayan/Desktop/test/ros2_ws/build/gazebo_hello/build install --record /home/rayan/Desktop/test/ros2_ws/build/gazebo_hello/install.log --single-version-externally-managed install_data
[0.487s] running egg_info
[0.487s] writing ../../build/gazebo_hello/gazebo_hello.egg-info/PKG-INFO
[0.488s] writing dependency_links to ../../build/gazebo_hello/gazebo_hello.egg-info/dependency_links.txt
[0.488s] writing entry points to ../../build/gazebo_hello/gazebo_hello.egg-info/entry_points.txt
[0.491s] writing requirements to ../../build/gazebo_hello/gazebo_hello.egg-info/requires.txt
[0.492s] writing top-level names to ../../build/gazebo_hello/gazebo_hello.egg-info/top_level.txt
[0.492s] reading manifest file '../../build/gazebo_hello/gazebo_hello.egg-info/SOURCES.txt'
[0.493s] reading manifest template 'MANIFEST.in'
[0.494s] writing manifest file '../../build/gazebo_hello/gazebo_hello.egg-info/SOURCES.txt'
[0.494s] running build
[0.494s] running build_py
[0.494s] copying gazebo_hello/pan_tilt_motion.py -> /home/rayan/Desktop/test/ros2_ws/build/gazebo_hello/build/lib/gazebo_hello
[0.495s] running install
[0.495s] running install_lib
[0.495s] copying /home/rayan/Desktop/test/ros2_ws/build/gazebo_hello/build/lib/gazebo_hello/pan_tilt_motion.py -> /home/rayan/Desktop/test/ros2_ws/install/gazebo_hello/lib/python3.10/site-packages/gazebo_hello
[0.496s] byte-compiling /home/rayan/Desktop/test/ros2_ws/install/gazebo_hello/lib/python3.10/site-packages/gazebo_hello/pan_tilt_motion.py to pan_tilt_motion.cpython-310.pyc
[0.496s] running install_data
[0.497s] running install_egg_info
[0.501s] removing '/home/rayan/Desktop/test/ros2_ws/install/gazebo_hello/lib/python3.10/site-packages/gazebo_hello-0.0.0-py3.10.egg-info' (and everything under it)
[0.501s] Copying ../../build/gazebo_hello/gazebo_hello.egg-info to /home/rayan/Desktop/test/ros2_ws/install/gazebo_hello/lib/python3.10/site-packages/gazebo_hello-0.0.0-py3.10.egg-info
[0.501s] running install_scripts
[0.508s] Installing pan_tilt_motion script to /home/rayan/Desktop/test/ros2_ws/install/gazebo_hello/lib/gazebo_hello
[0.509s] writing list of installed files to '/home/rayan/Desktop/test/ros2_ws/build/gazebo_hello/install.log'
[0.523s] Invoked command in '/home/rayan/Desktop/test/ros2_ws/src/gazebo_hello' returned '0': PYTHONPATH=/home/rayan/Desktop/test/ros2_ws/build/gazebo_hello/prefix_override:/usr/lib/python3/dist-packages/colcon_core/task/python/colcon_distutils_commands:/home/rayan/Desktop/test/ros2_ws/install/gazebo_hello/lib/python3.10/site-packages:${PYTHONPATH} /usr/bin/python3 -W ignore:setup.py install is deprecated -W ignore:easy_install command is deprecated setup.py egg_info --egg-base ../../build/gazebo_hello build --build-base /home/rayan/Desktop/test/ros2_ws/build/gazebo_hello/build install --record /home/rayan/Desktop/test/ros2_ws/build/gazebo_hello/install.log --single-version-externally-managed install_data
